<?xml version="1.0" encoding="UTF-8"?>
<robot generator="Robot 2.8.1 (Jython 2.5.3 on java1.7.0_45)" generated="20131108 09:24:44.054">
<suite source="D:\github\sikuli-tests\robotest\robot_suite\verify_operations.txt" id="s1" name="Verify Operations">
<test id="s1-t1" name="Onli start Navstat">
<kw type="kw" name="NavstatReport.Read Csv">
<doc></doc>
<arguments>
</arguments>
<msg timestamp="20131108 09:24:46.396" level="TRACE">Arguments: [  ]</msg>
<msg timestamp="20131108 09:24:46.406" level="INFO">PASS: Текст файла:
Text39;Text38;Text48;Text40;Text41;Text42;Text44;Text46
1;22:52:52;"Долгота=39° 55' 26.74"" Широта=43° 27' 08.65""";22:52:53;"Долгота=39° 55' 26.74"" Широта=43° 27' 08.65""";0;0:00:01;0
1;19:00:20;"Долгота=39° 55' 26.48"" Широта=43° 27' 08.68""";19:00:22;"Долгота=39° 55' 26.48"" Широта=43° 27' 08.68""";0;0:00:02;0
2;19:59:37;"Долгота=39° 55' 26.48"" Широта=43° 27' 08.68""";21:40:25;"Долгота=39° 55' 25.69"" Широта=43° 27' 08.92""";0;1:40:48;0
1;11:20:45;"Долгота=39° 55' 28.80"" Широта=43° 27' 05.81""";11:25:57;"Долгота=39° 55' 46.28"" Широта=43° 26' 58.15""";0,32;0:05:12;7,34
2;11:38:51;"Долгота=39° 55' 46.28"" Широта=43° 26' 58.15""";11:40:36;"Долгота=39° 55' 37.39"" Широта=43° 26' 50.79""";0,16;0:01:45;10,73
3;12:01:30;"Долгота=39° 55' 37.39"" Широта=43° 26' 50.79""";14:13:52;"Долгота=39° 55' 26.89"" Широта=43° 27' 08.35""";0,37;2:12:22;0,33</msg>
<msg timestamp="20131108 09:24:46.409" level="TRACE">Return: None</msg>
<status status="PASS" endtime="20131108 09:24:46.409" starttime="20131108 09:24:46.395"></status>
</kw>
<doc></doc>
<tags>
</tags>
<status status="PASS" critical="yes" endtime="20131108 09:24:46.412" starttime="20131108 09:24:46.390"></status>
</test>
<doc></doc>
<metadata>
</metadata>
<status status="PASS" endtime="20131108 09:24:46.416" starttime="20131108 09:24:44.057"></status>
</suite>
<statistics>
<total>
<stat pass="1" fail="0">Critical Tests</stat>
<stat pass="1" fail="0">All Tests</stat>
</total>
<tag>
</tag>
<suite>
<stat pass="1" id="s1" fail="0" name="Verify Operations">Verify Operations</stat>
</suite>
</statistics>
<errors>
</errors>
</robot>
